<?xml version="1.0" encoding="UTF-8"?>
<testsuite xmlns:xsi="http://www.w3.org/2001/XMLSchema-instance" xsi:noNamespaceSchemaLocation="https://maven.apache.org/surefire/maven-surefire-plugin/xsd/surefire-test-report-3.0.xsd" version="3.0" name="com.ejerciciospring.app.EjerciciospringApplicationTests" time="36.68" tests="1" errors="0" skipped="0" failures="0">
  <properties>
[...]
</properties>
  <testcase name="contextLoads" classname="com.ejerciciospring.app.EjerciciospringApplicationTests" time="2.745">
    <system-out><![CDATA[23:29:41.260 [main] INFO org.springframework.test.context.support.AnnotationConfigContextLoaderUtils -- Could not detect default configuration classes for test class [com.ejerciciospring.app.EjerciciospringApplicationTests]: EjerciciospringApplicationTests does not declare any static, non-private, non-final, nested classes annotated with @Configuration.
23:29:41.980 [main] INFO org.springframework.boot.test.context.SpringBootTestContextBootstrapper -- Found @SpringBootConfiguration com.ejerciciospring.app.EjerciciospringApplication for test class com.ejerciciospring.app.EjerciciospringApplicationTests

  .   ____          _            __ _ _
 /\\ / ___'_ __ _ _(_)_ __  __ _ \ \ \ \
( ( )\___ | '_ | '_| | '_ \/ _` | \ \ \ \
 \\/  ___)| |_)| | | | | || (_| |  ) ) ) )
  '  |____| .__|_| |_|_| |_\__, | / / / /
 =========|_|==============|___/=/_/_/_/

 :: Spring Boot ::                (v3.3.4)

2025-11-14T23:29:45.101-05:00  INFO 10760 --- [EJERCICIOSPRING] [           main] c.e.app.EjerciciospringApplicationTests  : Starting EjerciciospringApplicationTests using Java 21.0.8 with PID 10760 (started by GMAG in C:\Users\GMAG\OneDrive\Documentos\tercercorte\EJERCICIOSPRING)
2025-11-14T23:29:45.105-05:00  INFO 10760 --- [EJERCICIOSPRING] [           main] c.e.app.EjerciciospringApplicationTests  : No active profile set, falling back to 1 default profile: "default"
2025-11-14T23:29:49.051-05:00  INFO 10760 --- [EJERCICIOSPRING] [           main] .s.d.r.c.RepositoryConfigurationDelegate : Bootstrapping Spring Data JPA repositories in DEFAULT mode.
2025-11-14T23:29:49.352-05:00  INFO 10760 --- [EJERCICIOSPRING] [           main] .s.d.r.c.RepositoryConfigurationDelegate : Finished Spring Data repository scanning in 260 ms. Found 5 JPA repository interfaces.
2025-11-14T23:29:51.790-05:00  INFO 10760 --- [EJERCICIOSPRING] [           main] o.hibernate.jpa.internal.util.LogHelper  : HHH000204: Processing PersistenceUnitInfo [name: default]
2025-11-14T23:29:52.714-05:00  INFO 10760 --- [EJERCICIOSPRING] [           main] org.hibernate.Version                    : HHH000412: Hibernate ORM core version 6.5.3.Final
2025-11-14T23:29:53.474-05:00  INFO 10760 --- [EJERCICIOSPRING] [           main] o.h.c.internal.RegionFactoryInitiator    : HHH000026: Second-level cache disabled
2025-11-14T23:29:57.009-05:00  INFO 10760 --- [EJERCICIOSPRING] [           main] o.s.o.j.p.SpringPersistenceUnitInfo      : No LoadTimeWeaver setup: ignoring JPA class transformer
2025-11-14T23:29:57.638-05:00  INFO 10760 --- [EJERCICIOSPRING] [           main] com.zaxxer.hikari.HikariDataSource       : HikariPool-1 - Starting...
2025-11-14T23:29:59.492-05:00  INFO 10760 --- [EJERCICIOSPRING] [           main] com.zaxxer.hikari.pool.HikariPool        : HikariPool-1 - Added connection conn0: url=jdbc:h2:mem:clubdb user=SA
2025-11-14T23:29:59.496-05:00  INFO 10760 --- [EJERCICIOSPRING] [           main] com.zaxxer.hikari.HikariDataSource       : HikariPool-1 - Start completed.
2025-11-14T23:30:03.803-05:00  INFO 10760 --- [EJERCICIOSPRING] [           main] o.h.e.t.j.p.i.JtaPlatformInitiator       : HHH000489: No JTA platform available (set 'hibernate.transaction.jta.platform' to enable JTA platform integration)
Hibernate: create table asociaciones (id bigint generated by default as identity, nombre varchar(255), pais varchar(255), presidente varchar(255), primary key (id))
Hibernate: create table club_competicion (club_id bigint not null, competicion_id bigint not null)
Hibernate: create table clubes (id bigint generated by default as identity, nombre varchar(255), asociacion_id bigint, entrenador_id bigint, primary key (id))
Hibernate: create table competiciones (id bigint generated by default as identity, fecha_fin date, fecha_inicio date, monto_premio integer, nombre varchar(255), primary key (id))
Hibernate: create table entrenadores (id bigint generated by default as identity, apellido varchar(255), nombre varchar(255), primary key (id))
Hibernate: create table jugadores (id bigint generated by default as identity, apellido varchar(255), nombre varchar(255), numero integer not null, posicion varchar(255), club_id bigint, primary key (id))
Hibernate: alter table if exists clubes drop constraint if exists UK6gq7e1il2l0gbwes6ele61h0t
Hibernate: alter table if exists clubes add constraint UK6gq7e1il2l0gbwes6ele61h0t unique (entrenador_id)
Hibernate: alter table if exists club_competicion add constraint FKrq56s8st9bfvgmhr932n9jm29 foreign key (competicion_id) references competiciones
Hibernate: alter table if exists club_competicion add constraint FK49lj5v8ms7w27xbalu5vikamh foreign key (club_id) references clubes
Hibernate: alter table if exists clubes add constraint FKqo3djd5oghqqdc4lgbsbo2s5s foreign key (asociacion_id) references asociaciones
Hibernate: alter table if exists clubes add constraint FKsq1qkhct2xelr1wjuyrv8kn0t foreign key (entrenador_id) references entrenadores
Hibernate: alter table if exists jugadores add constraint FKnid2qofqk5xq26m8subsj87c9 foreign key (club_id) references clubes
2025-11-14T23:30:04.040-05:00  INFO 10760 --- [EJERCICIOSPRING] [           main] j.LocalContainerEntityManagerFactoryBean : Initialized JPA EntityManagerFactory for persistence unit 'default'
2025-11-14T23:30:06.371-05:00  WARN 10760 --- [EJERCICIOSPRING] [           main] JpaBaseConfiguration$JpaWebConfiguration : spring.jpa.open-in-view is enabled by default. Therefore, database queries may be performed during view rendering. Explicitly configure spring.jpa.open-in-view to disable this warning
2025-11-14T23:30:08.612-05:00  INFO 10760 --- [EJERCICIOSPRING] [           main] o.s.b.a.h2.H2ConsoleAutoConfiguration    : H2 console available at '/h2-console'. Database available at 'jdbc:h2:mem:clubdb'
2025-11-14T23:30:10.146-05:00  INFO 10760 --- [EJERCICIOSPRING] [           main] c.e.app.EjerciciospringApplicationTests  : Started EjerciciospringApplicationTests in 26.731 seconds (process running for 36.715)
Hibernate: select count(*) from clubes c1_0
Hibernate: insert into asociaciones (nombre,pais,presidente,id) values (?,?,?,default)
Hibernate: insert into entrenadores (apellido,nombre,id) values (?,?,default)
Hibernate: insert into competiciones (fecha_fin,fecha_inicio,monto_premio,nombre,id) values (?,?,?,?,default)
Hibernate: insert into competiciones (fecha_fin,fecha_inicio,monto_premio,nombre,id) values (?,?,?,?,default)
Hibernate: insert into clubes (asociacion_id,entrenador_id,nombre,id) values (?,?,?,default)
Hibernate: insert into club_competicion (club_id,competicion_id) values (?,?)
Hibernate: insert into club_competicion (club_id,competicion_id) values (?,?)
Hibernate: insert into jugadores (apellido,club_id,nombre,numero,posicion,id) values (?,?,?,?,?,default)
Hibernate: insert into jugadores (apellido,club_id,nombre,numero,posicion,id) values (?,?,?,?,?,default)
]]></system-out>
    <system-err><![CDATA[WARNING: A Java agent has been loaded dynamically (C:\Users\GMAG\.m2\repository\net\bytebuddy\byte-buddy-agent\1.14.19\byte-buddy-agent-1.14.19.jar)
WARNING: If a serviceability tool is in use, please run with -XX:+EnableDynamicAgentLoading to hide this warning
WARNING: If a serviceability tool is not in use, please run with -Djdk.instrument.traceUsage for more information
WARNING: Dynamic loading of agents will be disallowed by default in a future release
]]></system-err>
  </testcase>
</testsuite>